2024-06-17 20:04:05 -0300  374744 execution.flow     INFO     Start executing nodes in thread pool mode.
2024-06-17 20:04:05 -0300  374744 execution.flow     INFO     Start to run 8 nodes with concurrency level 16.
2024-06-17 20:04:05 -0300  374744 execution.flow     INFO     Executing node retrieve_emails_content. node run id: 57206ba1-dd3b-4310-a0f1-11d5c8154bc7_retrieve_emails_content_0
2024-06-17 20:04:07 -0300  374744 execution.flow     WARNING  Output of retrieve_emails_content is not json serializable, use str to store it.
2024-06-17 20:04:07 -0300  374744 execution.flow     INFO     Node retrieve_emails_content completes.
2024-06-17 20:04:07 -0300  374744 execution.flow     INFO     Executing node get_order_id. node run id: 57206ba1-dd3b-4310-a0f1-11d5c8154bc7_get_order_id_0
2024-06-17 20:04:07 -0300  374744 execution.flow     INFO     Executing node generate_report_cx. node run id: 57206ba1-dd3b-4310-a0f1-11d5c8154bc7_generate_report_cx_0
2024-06-17 20:04:07 -0300  374744 execution.flow     INFO     Executing node extract_requests. node run id: 57206ba1-dd3b-4310-a0f1-11d5c8154bc7_extract_requests_0
2024-06-17 20:04:09 -0300  374744 execution.flow     WARNING  Input 'input' of get_order_id is not json serializable, use str to store it.
2024-06-17 20:04:09 -0300  374744 execution.flow     INFO     Node get_order_id completes.
2024-06-17 20:04:09 -0300  374744 execution.flow     INFO     Executing node retrieve_products_list. node run id: 57206ba1-dd3b-4310-a0f1-11d5c8154bc7_retrieve_products_list_0
2024-06-17 20:04:11 -0300  374744 execution.flow     INFO     Node retrieve_products_list completes.
2024-06-17 20:04:11 -0300  374744 execution.flow     INFO     Executing node generate_report_db. node run id: 57206ba1-dd3b-4310-a0f1-11d5c8154bc7_generate_report_db_0
2024-06-17 20:04:12 -0300  374744 execution.flow     WARNING  Input 'context' of generate_report_cx is not json serializable, use str to store it.
2024-06-17 20:04:12 -0300  374744 execution.flow     INFO     Node generate_report_cx completes.
2024-06-17 20:04:17 -0300  374744 execution.flow     INFO     Node generate_report_db completes.
2024-06-17 20:04:17 -0300  374744 execution.flow     INFO     Executing node compare_order_date. node run id: 57206ba1-dd3b-4310-a0f1-11d5c8154bc7_compare_order_date_0
2024-06-17 20:04:17 -0300  374744 execution.flow     INFO     Executing node compare_customer_name. node run id: 57206ba1-dd3b-4310-a0f1-11d5c8154bc7_compare_customer_name_0
2024-06-17 20:04:18 -0300  374744 execution.flow     INFO     Node compare_customer_name completes.
2024-06-17 20:04:19 -0300  374744 execution.flow     INFO     Node compare_order_date completes.
2024-06-17 20:04:19 -0300  374744 execution.flow     WARNING  Input 'context' of extract_requests is not json serializable, use str to store it.
2024-06-17 20:04:19 -0300  374744 execution.flow     INFO     Node extract_requests completes.
